<?xml version="1.0" encoding="UTF-8"?>
<!-- Generated by org.testng.reporters.JUnitXMLReporter -->
<testsuite hostname="MacBook-Pro.local" ignored="0" name="Test" tests="7" failures="1" timestamp="22 Jan 2019 17:27:20 GMT" time="20.538" errors="0">
  <testcase name="verifyLogo" time="0.05" classname="com.app.tests.HomePageTests"/>
  <testcase name="verifyMenuNavigation" time="0.296" classname="com.app.tests.HomePageTests">
    <skipped/>
  </testcase> <!-- verifyMenuNavigation -->
  <testcase name="verifyMenuNavigation" time="16.39" classname="com.app.tests.HomePageTests"/>
  <testcase name="verifyNavTitles" time="0.156" classname="com.app.tests.HomePageTests">
    <skipped/>
  </testcase> <!-- verifyNavTitles -->
  <testcase name="verifyNavTitles" time="0.134" classname="com.app.tests.HomePageTests">
    <skipped/>
  </testcase> <!-- verifyNavTitles -->
  <testcase name="verifyNavTitles" time="0.121" classname="com.app.tests.HomePageTests">
    <failure type="java.lang.AssertionError" message="Failed: T-Shirts page is not displayed expected [false] but found [true]">
      <![CDATA[java.lang.AssertionError: Failed: T-Shirts page is not displayed expected [false] but found [true]
at com.app.tests.HomePageTests.verifyNavTitles(HomePageTests.java:36)
... Removed 28 stack frames]]>
    </failure>
  </testcase> <!-- verifyNavTitles -->
  <testcase name="verifyNewsletterInputAlert" time="3.346" classname="com.app.tests.HomePageTests"/>
</testsuite> <!-- Test -->
